<?xml version="1.0" encoding="UTF-8"?>
<testsuite xmlns:xsi="http://www.w3.org/2001/XMLSchema-instance" xsi:noNamespaceSchemaLocation="https://maven.apache.org/surefire/maven-surefire-plugin/xsd/surefire-test-report-3.0.xsd" version="3.0" name="cucumber.TestRunner" time="10.088" tests="1" errors="0" skipped="0" failures="0">
  <properties>
    <property name="sun.desktop" value="windows"/>
    <property name="awt.toolkit" value="sun.awt.windows.WToolkit"/>
    <property name="file.encoding.pkg" value="sun.io"/>
    <property name="java.specification.version" value="1.8"/>
    <property name="sun.cpu.isalist" value="amd64"/>
    <property name="sun.jnu.encoding" value="Cp1252"/>
    <property name="java.class.path" value="C:\Users\angel.salvatierra\Desktop\Claro Servicios Fijos\ClaroServiciosFijosQA\target\test-classes;C:\Users\angel.salvatierra\Desktop\Claro Servicios Fijos\ClaroServiciosFijosQA\target\classes;C:\Users\angel.salvatierra\.m2\repository\io\cucumber\cucumber-core\4.2.0\cucumber-core-4.2.0.jar;C:\Users\angel.salvatierra\.m2\repository\io\cucumber\cucumber-html\0.2.7\cucumber-html-0.2.7.jar;C:\Users\angel.salvatierra\.m2\repository\io\cucumber\gherkin\5.1.0\gherkin-5.1.0.jar;C:\Users\angel.salvatierra\.m2\repository\io\cucumber\tag-expressions\1.1.1\tag-expressions-1.1.1.jar;C:\Users\angel.salvatierra\.m2\repository\io\cucumber\cucumber-expressions\6.2.0\cucumber-expressions-6.2.0.jar;C:\Users\angel.salvatierra\.m2\repository\io\cucumber\datatable\1.1.7\datatable-1.1.7.jar;C:\Users\angel.salvatierra\.m2\repository\io\cucumber\datatable-dependencies\1.1.7\datatable-dependencies-1.1.7.jar;C:\Users\angel.salvatierra\.m2\repository\org\seleniumhq\selenium\selenium-java\3.14.0\selenium-java-3.14.0.jar;C:\Users\angel.salvatierra\.m2\repository\org\seleniumhq\selenium\selenium-api\3.14.0\selenium-api-3.14.0.jar;C:\Users\angel.salvatierra\.m2\repository\org\seleniumhq\selenium\selenium-chrome-driver\3.14.0\selenium-chrome-driver-3.14.0.jar;C:\Users\angel.salvatierra\.m2\repository\org\seleniumhq\selenium\selenium-edge-driver\3.14.0\selenium-edge-driver-3.14.0.jar;C:\Users\angel.salvatierra\.m2\repository\org\seleniumhq\selenium\selenium-firefox-driver\3.14.0\selenium-firefox-driver-3.14.0.jar;C:\Users\angel.salvatierra\.m2\repository\org\seleniumhq\selenium\selenium-ie-driver\3.14.0\selenium-ie-driver-3.14.0.jar;C:\Users\angel.salvatierra\.m2\repository\org\seleniumhq\selenium\selenium-opera-driver\3.14.0\selenium-opera-driver-3.14.0.jar;C:\Users\angel.salvatierra\.m2\repository\org\seleniumhq\selenium\selenium-remote-driver\3.14.0\selenium-remote-driver-3.14.0.jar;C:\Users\angel.salvatierra\.m2\repository\org\seleniumhq\selenium\selenium-safari-driver\3.14.0\selenium-safari-driver-3.14.0.jar;C:\Users\angel.salvatierra\.m2\repository\org\seleniumhq\selenium\selenium-support\3.14.0\selenium-support-3.14.0.jar;C:\Users\angel.salvatierra\.m2\repository\net\bytebuddy\byte-buddy\1.8.15\byte-buddy-1.8.15.jar;C:\Users\angel.salvatierra\.m2\repository\org\apache\commons\commons-exec\1.3\commons-exec-1.3.jar;C:\Users\angel.salvatierra\.m2\repository\commons-codec\commons-codec\1.10\commons-codec-1.10.jar;C:\Users\angel.salvatierra\.m2\repository\commons-logging\commons-logging\1.2\commons-logging-1.2.jar;C:\Users\angel.salvatierra\.m2\repository\com\google\guava\guava\25.0-jre\guava-25.0-jre.jar;C:\Users\angel.salvatierra\.m2\repository\com\google\code\findbugs\jsr305\1.3.9\jsr305-1.3.9.jar;C:\Users\angel.salvatierra\.m2\repository\org\checkerframework\checker-compat-qual\2.0.0\checker-compat-qual-2.0.0.jar;C:\Users\angel.salvatierra\.m2\repository\com\google\errorprone\error_prone_annotations\2.1.3\error_prone_annotations-2.1.3.jar;C:\Users\angel.salvatierra\.m2\repository\com\google\j2objc\j2objc-annotations\1.1\j2objc-annotations-1.1.jar;C:\Users\angel.salvatierra\.m2\repository\org\codehaus\mojo\animal-sniffer-annotations\1.14\animal-sniffer-annotations-1.14.jar;C:\Users\angel.salvatierra\.m2\repository\org\apache\httpcomponents\httpclient\4.5.5\httpclient-4.5.5.jar;C:\Users\angel.salvatierra\.m2\repository\org\apache\httpcomponents\httpcore\4.4.9\httpcore-4.4.9.jar;C:\Users\angel.salvatierra\.m2\repository\com\squareup\okhttp3\okhttp\3.10.0\okhttp-3.10.0.jar;C:\Users\angel.salvatierra\.m2\repository\com\squareup\okio\okio\1.14.1\okio-1.14.1.jar;C:\Users\angel.salvatierra\.m2\repository\io\cucumber\cucumber-java\4.2.0\cucumber-java-4.2.0.jar;C:\Users\angel.salvatierra\.m2\repository\io\cucumber\cucumber-junit\4.2.0\cucumber-junit-4.2.0.jar;C:\Users\angel.salvatierra\.m2\repository\org\junit\jupiter\junit-jupiter-api\5.5.0-M1\junit-jupiter-api-5.5.0-M1.jar;C:\Users\angel.salvatierra\.m2\repository\org\apiguardian\apiguardian-api\1.0.0\apiguardian-api-1.0.0.jar;C:\Users\angel.salvatierra\.m2\repository\org\opentest4j\opentest4j\1.1.1\opentest4j-1.1.1.jar;C:\Users\angel.salvatierra\.m2\repository\org\junit\platform\junit-platform-commons\1.5.0-M1\junit-platform-commons-1.5.0-M1.jar;C:\Users\angel.salvatierra\.m2\repository\junit\junit\4.12\junit-4.12.jar;C:\Users\angel.salvatierra\.m2\repository\org\hamcrest\hamcrest-core\1.3\hamcrest-core-1.3.jar;C:\Users\angel.salvatierra\.m2\repository\io\cucumber\cucumber-jvm-deps\1.0.6\cucumber-jvm-deps-1.0.6.jar;C:\Users\angel.salvatierra\.m2\repository\io\cucumber\cucumber-picocontainer\4.2.0\cucumber-picocontainer-4.2.0.jar;C:\Users\angel.salvatierra\.m2\repository\org\picocontainer\picocontainer\2.15\picocontainer-2.15.jar;C:\Users\angel.salvatierra\.m2\repository\org\apache\logging\log4j\log4j-api\2.11.2\log4j-api-2.11.2.jar;C:\Users\angel.salvatierra\.m2\repository\org\apache\logging\log4j\log4j-core\2.11.2\log4j-core-2.11.2.jar;C:\Users\angel.salvatierra\.m2\repository\com\vimalselvam\cucumber-extentsreport\3.1.1\cucumber-extentsreport-3.1.1.jar;C:\Users\angel.salvatierra\.m2\repository\com\aventstack\extentreports\4.0.9\extentreports-4.0.9.jar;C:\Users\angel.salvatierra\.m2\repository\org\freemarker\freemarker\2.3.23\freemarker-2.3.23.jar;C:\Users\angel.salvatierra\.m2\repository\org\mongodb\mongodb-driver\3.3.0\mongodb-driver-3.3.0.jar;C:\Users\angel.salvatierra\.m2\repository\org\mongodb\mongodb-driver-core\3.3.0\mongodb-driver-core-3.3.0.jar;C:\Users\angel.salvatierra\.m2\repository\org\mongodb\bson\3.3.0\bson-3.3.0.jar;C:\Users\angel.salvatierra\.m2\repository\org\apache\httpcomponents\httpmime\4.5.2\httpmime-4.5.2.jar;C:\Users\angel.salvatierra\.m2\repository\com\google\code\gson\gson\2.8.5\gson-2.8.5.jar;C:\Users\angel.salvatierra\.m2\repository\com\aventstack\extentreports-cucumber4-adapter\1.0.1\extentreports-cucumber4-adapter-1.0.1.jar;C:\Users\angel.salvatierra\.m2\repository\org\seleniumhq\selenium\htmlunit-driver\2.35.1\htmlunit-driver-2.35.1.jar;C:\Users\angel.salvatierra\.m2\repository\net\sourceforge\htmlunit\htmlunit\2.35.0\htmlunit-2.35.0.jar;C:\Users\angel.salvatierra\.m2\repository\xalan\xalan\2.7.2\xalan-2.7.2.jar;C:\Users\angel.salvatierra\.m2\repository\xalan\serializer\2.7.2\serializer-2.7.2.jar;C:\Users\angel.salvatierra\.m2\repository\org\apache\commons\commons-lang3\3.9\commons-lang3-3.9.jar;C:\Users\angel.salvatierra\.m2\repository\org\apache\commons\commons-text\1.6\commons-text-1.6.jar;C:\Users\angel.salvatierra\.m2\repository\net\sourceforge\htmlunit\htmlunit-core-js\2.35.0\htmlunit-core-js-2.35.0.jar;C:\Users\angel.salvatierra\.m2\repository\net\sourceforge\htmlunit\neko-htmlunit\2.35.0\neko-htmlunit-2.35.0.jar;C:\Users\angel.salvatierra\.m2\repository\xerces\xercesImpl\2.12.0\xercesImpl-2.12.0.jar;C:\Users\angel.salvatierra\.m2\repository\xml-apis\xml-apis\1.4.01\xml-apis-1.4.01.jar;C:\Users\angel.salvatierra\.m2\repository\net\sourceforge\htmlunit\htmlunit-cssparser\1.4.0\htmlunit-cssparser-1.4.0.jar;C:\Users\angel.salvatierra\.m2\repository\commons-io\commons-io\2.6\commons-io-2.6.jar;C:\Users\angel.salvatierra\.m2\repository\commons-net\commons-net\3.6\commons-net-3.6.jar;C:\Users\angel.salvatierra\.m2\repository\org\eclipse\jetty\websocket\websocket-client\9.4.16.v20190411\websocket-client-9.4.16.v20190411.jar;C:\Users\angel.salvatierra\.m2\repository\org\eclipse\jetty\jetty-client\9.4.16.v20190411\jetty-client-9.4.16.v20190411.jar;C:\Users\angel.salvatierra\.m2\repository\org\eclipse\jetty\jetty-http\9.4.16.v20190411\jetty-http-9.4.16.v20190411.jar;C:\Users\angel.salvatierra\.m2\repository\org\eclipse\jetty\jetty-xml\9.4.16.v20190411\jetty-xml-9.4.16.v20190411.jar;C:\Users\angel.salvatierra\.m2\repository\org\eclipse\jetty\jetty-util\9.4.16.v20190411\jetty-util-9.4.16.v20190411.jar;C:\Users\angel.salvatierra\.m2\repository\org\eclipse\jetty\jetty-io\9.4.16.v20190411\jetty-io-9.4.16.v20190411.jar;C:\Users\angel.salvatierra\.m2\repository\org\eclipse\jetty\websocket\websocket-common\9.4.16.v20190411\websocket-common-9.4.16.v20190411.jar;C:\Users\angel.salvatierra\.m2\repository\org\eclipse\jetty\websocket\websocket-api\9.4.16.v20190411\websocket-api-9.4.16.v20190411.jar;"/>
    <property name="java.vm.vendor" value="Oracle Corporation"/>
    <property name="sun.arch.data.model" value="64"/>
    <property name="user.variant" value=""/>
    <property name="java.vendor.url" value="http://java.oracle.com/"/>
    <property name="user.timezone" value="America/Buenos_Aires"/>
    <property name="java.vm.specification.version" value="1.8"/>
    <property name="os.name" value="Windows 7"/>
    <property name="user.country" value="US"/>
    <property name="sun.java.launcher" value="SUN_STANDARD"/>
    <property name="sun.boot.library.path" value="C:\Program Files\Java\jdk1.8.0_191\jre\bin"/>
    <property name="sun.java.command" value="C:\Users\angel.salvatierra\AppData\Local\Temp\surefire2554795624274012277\surefirebooter1895449055168436176.jar C:\Users\angel.salvatierra\AppData\Local\Temp\surefire2554795624274012277 2019-06-14T18-10-50_416-jvmRun1 surefire841394702503253632tmp surefire_05355853610528039272tmp"/>
    <property name="surefire.test.class.path" value="C:\Users\angel.salvatierra\Desktop\Claro Servicios Fijos\ClaroServiciosFijosQA\target\test-classes;C:\Users\angel.salvatierra\Desktop\Claro Servicios Fijos\ClaroServiciosFijosQA\target\classes;C:\Users\angel.salvatierra\.m2\repository\io\cucumber\cucumber-core\4.2.0\cucumber-core-4.2.0.jar;C:\Users\angel.salvatierra\.m2\repository\io\cucumber\cucumber-html\0.2.7\cucumber-html-0.2.7.jar;C:\Users\angel.salvatierra\.m2\repository\io\cucumber\gherkin\5.1.0\gherkin-5.1.0.jar;C:\Users\angel.salvatierra\.m2\repository\io\cucumber\tag-expressions\1.1.1\tag-expressions-1.1.1.jar;C:\Users\angel.salvatierra\.m2\repository\io\cucumber\cucumber-expressions\6.2.0\cucumber-expressions-6.2.0.jar;C:\Users\angel.salvatierra\.m2\repository\io\cucumber\datatable\1.1.7\datatable-1.1.7.jar;C:\Users\angel.salvatierra\.m2\repository\io\cucumber\datatable-dependencies\1.1.7\datatable-dependencies-1.1.7.jar;C:\Users\angel.salvatierra\.m2\repository\org\seleniumhq\selenium\selenium-java\3.14.0\selenium-java-3.14.0.jar;C:\Users\angel.salvatierra\.m2\repository\org\seleniumhq\selenium\selenium-api\3.14.0\selenium-api-3.14.0.jar;C:\Users\angel.salvatierra\.m2\repository\org\seleniumhq\selenium\selenium-chrome-driver\3.14.0\selenium-chrome-driver-3.14.0.jar;C:\Users\angel.salvatierra\.m2\repository\org\seleniumhq\selenium\selenium-edge-driver\3.14.0\selenium-edge-driver-3.14.0.jar;C:\Users\angel.salvatierra\.m2\repository\org\seleniumhq\selenium\selenium-firefox-driver\3.14.0\selenium-firefox-driver-3.14.0.jar;C:\Users\angel.salvatierra\.m2\repository\org\seleniumhq\selenium\selenium-ie-driver\3.14.0\selenium-ie-driver-3.14.0.jar;C:\Users\angel.salvatierra\.m2\repository\org\seleniumhq\selenium\selenium-opera-driver\3.14.0\selenium-opera-driver-3.14.0.jar;C:\Users\angel.salvatierra\.m2\repository\org\seleniumhq\selenium\selenium-remote-driver\3.14.0\selenium-remote-driver-3.14.0.jar;C:\Users\angel.salvatierra\.m2\repository\org\seleniumhq\selenium\selenium-safari-driver\3.14.0\selenium-safari-driver-3.14.0.jar;C:\Users\angel.salvatierra\.m2\repository\org\seleniumhq\selenium\selenium-support\3.14.0\selenium-support-3.14.0.jar;C:\Users\angel.salvatierra\.m2\repository\net\bytebuddy\byte-buddy\1.8.15\byte-buddy-1.8.15.jar;C:\Users\angel.salvatierra\.m2\repository\org\apache\commons\commons-exec\1.3\commons-exec-1.3.jar;C:\Users\angel.salvatierra\.m2\repository\commons-codec\commons-codec\1.10\commons-codec-1.10.jar;C:\Users\angel.salvatierra\.m2\repository\commons-logging\commons-logging\1.2\commons-logging-1.2.jar;C:\Users\angel.salvatierra\.m2\repository\com\google\guava\guava\25.0-jre\guava-25.0-jre.jar;C:\Users\angel.salvatierra\.m2\repository\com\google\code\findbugs\jsr305\1.3.9\jsr305-1.3.9.jar;C:\Users\angel.salvatierra\.m2\repository\org\checkerframework\checker-compat-qual\2.0.0\checker-compat-qual-2.0.0.jar;C:\Users\angel.salvatierra\.m2\repository\com\google\errorprone\error_prone_annotations\2.1.3\error_prone_annotations-2.1.3.jar;C:\Users\angel.salvatierra\.m2\repository\com\google\j2objc\j2objc-annotations\1.1\j2objc-annotations-1.1.jar;C:\Users\angel.salvatierra\.m2\repository\org\codehaus\mojo\animal-sniffer-annotations\1.14\animal-sniffer-annotations-1.14.jar;C:\Users\angel.salvatierra\.m2\repository\org\apache\httpcomponents\httpclient\4.5.5\httpclient-4.5.5.jar;C:\Users\angel.salvatierra\.m2\repository\org\apache\httpcomponents\httpcore\4.4.9\httpcore-4.4.9.jar;C:\Users\angel.salvatierra\.m2\repository\com\squareup\okhttp3\okhttp\3.10.0\okhttp-3.10.0.jar;C:\Users\angel.salvatierra\.m2\repository\com\squareup\okio\okio\1.14.1\okio-1.14.1.jar;C:\Users\angel.salvatierra\.m2\repository\io\cucumber\cucumber-java\4.2.0\cucumber-java-4.2.0.jar;C:\Users\angel.salvatierra\.m2\repository\io\cucumber\cucumber-junit\4.2.0\cucumber-junit-4.2.0.jar;C:\Users\angel.salvatierra\.m2\repository\org\junit\jupiter\junit-jupiter-api\5.5.0-M1\junit-jupiter-api-5.5.0-M1.jar;C:\Users\angel.salvatierra\.m2\repository\org\apiguardian\apiguardian-api\1.0.0\apiguardian-api-1.0.0.jar;C:\Users\angel.salvatierra\.m2\repository\org\opentest4j\opentest4j\1.1.1\opentest4j-1.1.1.jar;C:\Users\angel.salvatierra\.m2\repository\org\junit\platform\junit-platform-commons\1.5.0-M1\junit-platform-commons-1.5.0-M1.jar;C:\Users\angel.salvatierra\.m2\repository\junit\junit\4.12\junit-4.12.jar;C:\Users\angel.salvatierra\.m2\repository\org\hamcrest\hamcrest-core\1.3\hamcrest-core-1.3.jar;C:\Users\angel.salvatierra\.m2\repository\io\cucumber\cucumber-jvm-deps\1.0.6\cucumber-jvm-deps-1.0.6.jar;C:\Users\angel.salvatierra\.m2\repository\io\cucumber\cucumber-picocontainer\4.2.0\cucumber-picocontainer-4.2.0.jar;C:\Users\angel.salvatierra\.m2\repository\org\picocontainer\picocontainer\2.15\picocontainer-2.15.jar;C:\Users\angel.salvatierra\.m2\repository\org\apache\logging\log4j\log4j-api\2.11.2\log4j-api-2.11.2.jar;C:\Users\angel.salvatierra\.m2\repository\org\apache\logging\log4j\log4j-core\2.11.2\log4j-core-2.11.2.jar;C:\Users\angel.salvatierra\.m2\repository\com\vimalselvam\cucumber-extentsreport\3.1.1\cucumber-extentsreport-3.1.1.jar;C:\Users\angel.salvatierra\.m2\repository\com\aventstack\extentreports\4.0.9\extentreports-4.0.9.jar;C:\Users\angel.salvatierra\.m2\repository\org\freemarker\freemarker\2.3.23\freemarker-2.3.23.jar;C:\Users\angel.salvatierra\.m2\repository\org\mongodb\mongodb-driver\3.3.0\mongodb-driver-3.3.0.jar;C:\Users\angel.salvatierra\.m2\repository\org\mongodb\mongodb-driver-core\3.3.0\mongodb-driver-core-3.3.0.jar;C:\Users\angel.salvatierra\.m2\repository\org\mongodb\bson\3.3.0\bson-3.3.0.jar;C:\Users\angel.salvatierra\.m2\repository\org\apache\httpcomponents\httpmime\4.5.2\httpmime-4.5.2.jar;C:\Users\angel.salvatierra\.m2\repository\com\google\code\gson\gson\2.8.5\gson-2.8.5.jar;C:\Users\angel.salvatierra\.m2\repository\com\aventstack\extentreports-cucumber4-adapter\1.0.1\extentreports-cucumber4-adapter-1.0.1.jar;C:\Users\angel.salvatierra\.m2\repository\org\seleniumhq\selenium\htmlunit-driver\2.35.1\htmlunit-driver-2.35.1.jar;C:\Users\angel.salvatierra\.m2\repository\net\sourceforge\htmlunit\htmlunit\2.35.0\htmlunit-2.35.0.jar;C:\Users\angel.salvatierra\.m2\repository\xalan\xalan\2.7.2\xalan-2.7.2.jar;C:\Users\angel.salvatierra\.m2\repository\xalan\serializer\2.7.2\serializer-2.7.2.jar;C:\Users\angel.salvatierra\.m2\repository\org\apache\commons\commons-lang3\3.9\commons-lang3-3.9.jar;C:\Users\angel.salvatierra\.m2\repository\org\apache\commons\commons-text\1.6\commons-text-1.6.jar;C:\Users\angel.salvatierra\.m2\repository\net\sourceforge\htmlunit\htmlunit-core-js\2.35.0\htmlunit-core-js-2.35.0.jar;C:\Users\angel.salvatierra\.m2\repository\net\sourceforge\htmlunit\neko-htmlunit\2.35.0\neko-htmlunit-2.35.0.jar;C:\Users\angel.salvatierra\.m2\repository\xerces\xercesImpl\2.12.0\xercesImpl-2.12.0.jar;C:\Users\angel.salvatierra\.m2\repository\xml-apis\xml-apis\1.4.01\xml-apis-1.4.01.jar;C:\Users\angel.salvatierra\.m2\repository\net\sourceforge\htmlunit\htmlunit-cssparser\1.4.0\htmlunit-cssparser-1.4.0.jar;C:\Users\angel.salvatierra\.m2\repository\commons-io\commons-io\2.6\commons-io-2.6.jar;C:\Users\angel.salvatierra\.m2\repository\commons-net\commons-net\3.6\commons-net-3.6.jar;C:\Users\angel.salvatierra\.m2\repository\org\eclipse\jetty\websocket\websocket-client\9.4.16.v20190411\websocket-client-9.4.16.v20190411.jar;C:\Users\angel.salvatierra\.m2\repository\org\eclipse\jetty\jetty-client\9.4.16.v20190411\jetty-client-9.4.16.v20190411.jar;C:\Users\angel.salvatierra\.m2\repository\org\eclipse\jetty\jetty-http\9.4.16.v20190411\jetty-http-9.4.16.v20190411.jar;C:\Users\angel.salvatierra\.m2\repository\org\eclipse\jetty\jetty-xml\9.4.16.v20190411\jetty-xml-9.4.16.v20190411.jar;C:\Users\angel.salvatierra\.m2\repository\org\eclipse\jetty\jetty-util\9.4.16.v20190411\jetty-util-9.4.16.v20190411.jar;C:\Users\angel.salvatierra\.m2\repository\org\eclipse\jetty\jetty-io\9.4.16.v20190411\jetty-io-9.4.16.v20190411.jar;C:\Users\angel.salvatierra\.m2\repository\org\eclipse\jetty\websocket\websocket-common\9.4.16.v20190411\websocket-common-9.4.16.v20190411.jar;C:\Users\angel.salvatierra\.m2\repository\org\eclipse\jetty\websocket\websocket-api\9.4.16.v20190411\websocket-api-9.4.16.v20190411.jar;"/>
    <property name="sun.cpu.endian" value="little"/>
    <property name="user.home" value="C:\Users\angel.salvatierra"/>
    <property name="user.language" value="en"/>
    <property name="java.specification.vendor" value="Oracle Corporation"/>
    <property name="java.home" value="C:\Program Files\Java\jdk1.8.0_191\jre"/>
    <property name="basedir" value="C:\Users\angel.salvatierra\Desktop\Claro Servicios Fijos\ClaroServiciosFijosQA"/>
    <property name="file.separator" value="\"/>
    <property name="line.separator" value="&#10;"/>
    <property name="java.vm.specification.vendor" value="Oracle Corporation"/>
    <property name="java.specification.name" value="Java Platform API Specification"/>
    <property name="java.awt.graphicsenv" value="sun.awt.Win32GraphicsEnvironment"/>
    <property name="surefire.real.class.path" value="C:\Users\angel.salvatierra\AppData\Local\Temp\surefire2554795624274012277\surefirebooter1895449055168436176.jar"/>
    <property name="sun.boot.class.path" value="C:\Program Files\Java\jdk1.8.0_191\jre\lib\resources.jar;C:\Program Files\Java\jdk1.8.0_191\jre\lib\rt.jar;C:\Program Files\Java\jdk1.8.0_191\jre\lib\sunrsasign.jar;C:\Program Files\Java\jdk1.8.0_191\jre\lib\jsse.jar;C:\Program Files\Java\jdk1.8.0_191\jre\lib\jce.jar;C:\Program Files\Java\jdk1.8.0_191\jre\lib\charsets.jar;C:\Program Files\Java\jdk1.8.0_191\jre\lib\jfr.jar;C:\Program Files\Java\jdk1.8.0_191\jre\classes"/>
    <property name="user.script" value=""/>
    <property name="sun.management.compiler" value="HotSpot 64-Bit Tiered Compilers"/>
    <property name="java.runtime.version" value="1.8.0_191-b12"/>
    <property name="user.name" value="angel.salvatierra"/>
    <property name="path.separator" value=";"/>
    <property name="os.version" value="6.1"/>
    <property name="java.endorsed.dirs" value="C:\Program Files\Java\jdk1.8.0_191\jre\lib\endorsed"/>
    <property name="java.runtime.name" value="Java(TM) SE Runtime Environment"/>
    <property name="file.encoding" value="Cp1252"/>
    <property name="java.vm.name" value="Java HotSpot(TM) 64-Bit Server VM"/>
    <property name="localRepository" value="C:\Users\angel.salvatierra\.m2\repository"/>
    <property name="java.vendor.url.bug" value="http://bugreport.sun.com/bugreport/"/>
    <property name="java.io.tmpdir" value="C:\Users\ANGEL~1.SAL\AppData\Local\Temp\"/>
    <property name="java.version" value="1.8.0_191"/>
    <property name="user.dir" value="C:\Users\angel.salvatierra\Desktop\Claro Servicios Fijos\ClaroServiciosFijosQA"/>
    <property name="os.arch" value="amd64"/>
    <property name="java.vm.specification.name" value="Java Virtual Machine Specification"/>
    <property name="java.awt.printerjob" value="sun.awt.windows.WPrinterJob"/>
    <property name="sun.os.patch.level" value="Service Pack 1"/>
    <property name="java.library.path" value="C:\Program Files\Java\jdk1.8.0_191\jre\bin;C:\Windows\Sun\Java\bin;C:\Windows\system32;C:\Windows;%SystemRoot%\system32\WindowsPowerShell\v1.0\;C:\Program Files (x86)\RSA SecurID Token Common;C:\Program Files\RSA SecurID Token Common;C:\Program Files (x86)\Common Files\Oracle\Java\javapath;C:\Ruby25-x64\bin;C:\Program Files\Java\jdk1.8.0_191\bin;C:\Program Files\Java\jre1.8.0_131\bin;C:\ProgramData\Oracle\Java\javapath;C:\Windows\system32;C:\Windows;C:\Windows\System32\Wbem;C:\Windows\System32\WindowsPowerShell\v1.0\;c:\Program Files\WIDCOMM\Bluetooth Software\;c:\Program Files\WIDCOMM\Bluetooth Software\syswow64;C:\Program Files\dotnet\;C:\Program Files\Microsoft SQL Server\130\Tools\Binn\;C:\Program Files\Git\cmd;C:\Program Files\nodejs\;C:\Program Files\Microsoft\Web Platform Installer\;C:\Program Files\Apache\apache-maven-3.6.0\bin;C:\Program Files\Java\jdk1.8.0_191\bin;C:\Program Files (x86)\scala\bin;C:\android-sdk\tools;C:\android-sdk\platform-tools;C:\android-sdk\tools\bin;C:\Program Files\RSA SecurID Token Common\;."/>
    <property name="java.vm.info" value="mixed mode"/>
    <property name="java.vendor" value="Oracle Corporation"/>
    <property name="java.vm.version" value="25.191-b12"/>
    <property name="java.ext.dirs" value="C:\Program Files\Java\jdk1.8.0_191\jre\lib\ext;C:\Windows\Sun\Java\lib\ext"/>
    <property name="sun.io.unicode.encoding" value="UnicodeLittle"/>
    <property name="java.class.version" value="52.0"/>
  </properties>
  <testcase name="Ingresar al sistema - con un usuario válido 1 entidad" classname="Login" time="9.199"/>
</testsuite>